# JRE version: OpenJDK Runtime Environment Temurin-17.0.2+8 (17.0.2+8) (build 17.0.2+8)
# Java VM: OpenJDK 64-Bit Server VM Temurin-17.0.2+8 (17.0.2+8, mixed mode, emulated-client, tiered, compressed oops, compressed class ptrs, g1 gc, windows-amd64)
GC Precious Log:
 CPUs: 4 total, 4 available
 Memory: 6030M
 Large Page Support: Disabled
 NUMA Support: Disabled
 Compressed Oops: Enabled (32-bit)
 Heap Region Size: 1M
 Heap Min Capacity: 8M
 Heap Initial Capacity: 96M
 Heap Max Capacity: 1508M
 Pre-touch: Disabled
 Parallel Workers: 4
 Concurrent Workers: 1
 Concurrent Refinement Workers: 4
 Periodic GC: Disabled
Heap:
 garbage-first heap   total 59392K, used 28097K [0x00000000a1c00000, 0x0000000100000000)
  region size 1024K, 1 young (1024K), 1 survivors (1024K)
 Metaspace       used 61432K, committed 61888K, reserved 1105920K
  class space    used 8287K, committed 8512K, reserved 1048576K
GC Heap History (20 events):
Event: 10.831 GC heap after
{Heap after GC invocations=15 (full 0):
 garbage-first heap   total 59392K, used 19199K [0x00000000a1c00000, 0x0000000100000000)
  region size 1024K, 3 young (3072K), 3 survivors (3072K)
 Metaspace       used 39062K, committed 39424K, reserved 1089536K
  class space    used 4940K, committed 5120K, reserved 1048576K
}
Event: 11.895 GC heap before
{Heap before GC invocations=15 (full 0):
 garbage-first heap   total 59392K, used 44799K [0x00000000a1c00000, 0x0000000100000000)
  region size 1024K, 29 young (29696K), 3 survivors (3072K)
 Metaspace       used 42426K, committed 42816K, reserved 1089536K
  class space    used 5422K, committed 5632K, reserved 1048576K
}
Event: 11.912 GC heap after
{Heap after GC invocations=16 (full 0):
 garbage-first heap   total 59392K, used 21268K [0x00000000a1c00000, 0x0000000100000000)
  region size 1024K, 3 young (3072K), 3 survivors (3072K)
 Metaspace       used 42426K, committed 42816K, reserved 1089536K
  class space    used 5422K, committed 5632K, reserved 1048576K
}
Event: 12.979 GC heap before
{Heap before GC invocations=16 (full 0):
 garbage-first heap   total 59392K, used 44820K [0x00000000a1c00000, 0x0000000100000000)
  region size 1024K, 27 young (27648K), 3 survivors (3072K)
 Metaspace       used 45251K, committed 45632K, reserved 1089536K
  class space    used 5861K, committed 6016K, reserved 1048576K
}
Event: 12.989 GC heap after
{Heap after GC invocations=17 (full 0):
 garbage-first heap   total 59392K, used 22364K [0x00000000a1c00000, 0x0000000100000000)
  region size 1024K, 3 young (3072K), 3 survivors (3072K)
 Metaspace       used 45251K, committed 45632K, reserved 1089536K
  class space    used 5861K, committed 6016K, reserved 1048576K
}
Event: 14.573 GC heap before
{Heap before GC invocations=17 (full 0):
 garbage-first heap   total 59392K, used 46940K [0x00000000a1c00000, 0x0000000100000000)
  region size 1024K, 27 young (27648K), 3 survivors (3072K)
 Metaspace       used 48278K, committed 48704K, reserved 1097728K
  class space    used 6385K, committed 6592K, reserved 1048576K
}
Event: 14.585 GC heap after
{Heap after GC invocations=18 (full 0):
 garbage-first heap   total 59392K, used 24592K [0x00000000a1c00000, 0x0000000100000000)
  region size 1024K, 4 young (4096K), 4 survivors (4096K)
 Metaspace       used 48278K, committed 48704K, reserved 1097728K
  class space    used 6385K, committed 6592K, reserved 1048576K
}
Event: 15.705 GC heap before
{Heap before GC invocations=18 (full 0):
 garbage-first heap   total 59392K, used 46096K [0x00000000a1c00000, 0x0000000100000000)
  region size 1024K, 25 young (25600K), 4 survivors (4096K)
 Metaspace       used 51129K, committed 51584K, reserved 1097728K
  class space    used 6819K, committed 7040K, reserved 1048576K
}
Event: 15.716 GC heap after
{Heap after GC invocations=19 (full 0):
 garbage-first heap   total 59392K, used 26262K [0x00000000a1c00000, 0x0000000100000000)
  region size 1024K, 4 young (4096K), 4 survivors (4096K)
 Metaspace       used 51129K, committed 51584K, reserved 1097728K
  class space    used 6819K, committed 7040K, reserved 1048576K
}
Event: 17.381 GC heap before
{Heap before GC invocations=19 (full 0):
 garbage-first heap   total 59392K, used 46742K [0x00000000a1c00000, 0x0000000100000000)
  region size 1024K, 24 young (24576K), 4 survivors (4096K)
 Metaspace       used 54759K, committed 55232K, reserved 1097728K
  class space    used 7318K, committed 7552K, reserved 1048576K
}
Event: 17.392 GC heap after
{Heap after GC invocations=20 (full 0):
 garbage-first heap   total 59392K, used 28229K [0x00000000a1c00000, 0x0000000100000000)
  region size 1024K, 3 young (3072K), 3 survivors (3072K)
 Metaspace       used 54759K, committed 55232K, reserved 1097728K
  class space    used 7318K, committed 7552K, reserved 1048576K
}
Event: 17.879 GC heap before
{Heap before GC invocations=20 (full 0):
 garbage-first heap   total 59392K, used 45637K [0x00000000a1c00000, 0x0000000100000000)
  region size 1024K, 21 young (21504K), 3 survivors (3072K)
 Metaspace       used 55533K, committed 56064K, reserved 1097728K
  class space    used 7422K, committed 7680K, reserved 1048576K
}
Event: 17.891 GC heap after
{Heap after GC invocations=21 (full 0):
 garbage-first heap   total 59392K, used 30249K [0x00000000a1c00000, 0x0000000100000000)
  region size 1024K, 2 young (2048K), 2 survivors (2048K)
 Metaspace       used 55533K, committed 56064K, reserved 1097728K
  class space    used 7422K, committed 7680K, reserved 1048576K
}
Event: 63.560 GC heap before
{Heap before GC invocations=21 (full 0):
 garbage-first heap   total 59392K, used 45609K [0x00000000a1c00000, 0x0000000100000000)
  region size 1024K, 18 young (18432K), 2 survivors (2048K)
 Metaspace       used 58192K, committed 58688K, reserved 1105920K
  class space    used 7755K, committed 8000K, reserved 1048576K
}
Event: 63.570 GC heap after
{Heap after GC invocations=22 (full 0):
 garbage-first heap   total 59392K, used 31657K [0x00000000a1c00000, 0x0000000100000000)
  region size 1024K, 2 young (2048K), 2 survivors (2048K)
 Metaspace       used 58192K, committed 58688K, reserved 1105920K
  class space    used 7755K, committed 8000K, reserved 1048576K
}
Event: 80.042 GC heap before
{Heap before GC invocations=23 (full 0):
 garbage-first heap   total 59392K, used 45993K [0x00000000a1c00000, 0x0000000100000000)
  region size 1024K, 17 young (17408K), 2 survivors (2048K)
 Metaspace       used 60898K, committed 61376K, reserved 1105920K
  class space    used 8217K, committed 8448K, reserved 1048576K
}
Event: 80.048 GC heap after
{Heap after GC invocations=24 (full 0):
 garbage-first heap   total 59392K, used 32533K [0x00000000a1c00000, 0x0000000100000000)
  region size 1024K, 3 young (3072K), 3 survivors (3072K)
 Metaspace       used 60898K, committed 61376K, reserved 1105920K
  class space    used 8217K, committed 8448K, reserved 1048576K
}
Event: 80.139 GC heap before
{Heap before GC invocations=24 (full 0):
 garbage-first heap   total 59392K, used 33557K [0x00000000a1c00000, 0x0000000100000000)
  region size 1024K, 4 young (4096K), 3 survivors (3072K)
 Metaspace       used 61204K, committed 61568K, reserved 1105920K
  class space    used 8264K, committed 8448K, reserved 1048576K
}
Event: 80.148 GC heap after
{Heap after GC invocations=25 (full 0):
 garbage-first heap   total 59392K, used 30198K [0x00000000a1c00000, 0x0000000100000000)
  region size 1024K, 1 young (1024K), 1 survivors (1024K)
 Metaspace       used 61204K, committed 61568K, reserved 1105920K
  class space    used 8264K, committed 8448K, reserved 1048576K
}
Event: 80.247 GC heap before
{Heap before GC invocations=25 (full 0):
 garbage-first heap   total 59392K, used 31222K [0x00000000a1c00000, 0x0000000100000000)
  region size 1024K, 2 young (2048K), 1 survivors (1024K)
 Metaspace       used 61432K, committed 61888K, reserved 1105920K
  class space    used 8287K, committed 8512K, reserved 1048576K
}

